mode: set
github.com/Moreira-Henrique-Pedro/entregador/internal/adapters/entrypoints/v1/controllers/delivery.rest.controller.go:14.50,18.2 1 0
github.com/Moreira-Henrique-Pedro/entregador/internal/adapters/entrypoints/v1/controllers/delivery.rest.controller.go:20.60,23.2 2 0
github.com/Moreira-Henrique-Pedro/entregador/internal/adapters/entrypoints/v1/controllers/delivery.rest.controller.go:25.61,28.47 2 0
github.com/Moreira-Henrique-Pedro/entregador/internal/adapters/entrypoints/v1/controllers/delivery.rest.controller.go:28.47,31.3 2 0
github.com/Moreira-Henrique-Pedro/entregador/internal/adapters/entrypoints/v1/controllers/delivery.rest.controller.go:33.2,33.45 1 0
github.com/Moreira-Henrique-Pedro/entregador/internal/adapters/mongodb/resident-repository-adapter.go:18.94,21.2 2 0
github.com/Moreira-Henrique-Pedro/entregador/internal/adapters/mongodb/resident-repository-adapter.go:23.93,30.16 5 0
github.com/Moreira-Henrique-Pedro/entregador/internal/adapters/mongodb/resident-repository-adapter.go:30.16,33.3 2 0
github.com/Moreira-Henrique-Pedro/entregador/internal/adapters/mongodb/resident-repository-adapter.go:35.2,36.12 2 0
github.com/Moreira-Henrique-Pedro/entregador/internal/adapters/mongodb/resident-repository-adapter.go:39.114,47.16 6 0
github.com/Moreira-Henrique-Pedro/entregador/internal/adapters/mongodb/resident-repository-adapter.go:47.16,50.3 2 0
github.com/Moreira-Henrique-Pedro/entregador/internal/adapters/mongodb/resident-repository-adapter.go:52.2,53.21 2 0
github.com/Moreira-Henrique-Pedro/entregador/internal/adapters/mongodb/resident-repository-adapter.go:56.93,66.16 7 0
github.com/Moreira-Henrique-Pedro/entregador/internal/adapters/mongodb/resident-repository-adapter.go:66.16,69.3 2 0
github.com/Moreira-Henrique-Pedro/entregador/internal/adapters/mongodb/resident-repository-adapter.go:71.2,72.12 2 0
github.com/Moreira-Henrique-Pedro/entregador/internal/adapters/mongodb/resident-repository-adapter.go:75.84,82.16 5 0
github.com/Moreira-Henrique-Pedro/entregador/internal/adapters/mongodb/resident-repository-adapter.go:82.16,85.3 2 0
github.com/Moreira-Henrique-Pedro/entregador/internal/adapters/mongodb/resident-repository-adapter.go:87.2,88.12 2 0
github.com/Moreira-Henrique-Pedro/entregador/internal/adapters/mongodb/client/client.go:11.56,16.16 4 0
github.com/Moreira-Henrique-Pedro/entregador/internal/adapters/mongodb/client/client.go:16.16,18.3 1 0
github.com/Moreira-Henrique-Pedro/entregador/internal/adapters/mongodb/client/client.go:20.2,21.16 2 0
github.com/Moreira-Henrique-Pedro/entregador/internal/adapters/mongodb/client/client.go:21.16,23.3 1 0
github.com/Moreira-Henrique-Pedro/entregador/internal/adapters/mongodb/client/client.go:25.2,25.20 1 0
github.com/Moreira-Henrique-Pedro/entregador/internal/domain/ports/mocks/mongo-db.port.mock.go:18.98,22.80 3 0
github.com/Moreira-Henrique-Pedro/entregador/internal/domain/ports/mocks/mongo-db.port.mock.go:22.80,24.3 1 0
github.com/Moreira-Henrique-Pedro/entregador/internal/domain/ports/mocks/mongo-db.port.mock.go:24.8,26.3 1 0
github.com/Moreira-Henrique-Pedro/entregador/internal/domain/ports/mocks/mongo-db.port.mock.go:28.2,28.11 1 0
github.com/Moreira-Henrique-Pedro/entregador/internal/domain/ports/mocks/mongo-db.port.mock.go:32.89,36.68 3 0
github.com/Moreira-Henrique-Pedro/entregador/internal/domain/ports/mocks/mongo-db.port.mock.go:36.68,38.3 1 0
github.com/Moreira-Henrique-Pedro/entregador/internal/domain/ports/mocks/mongo-db.port.mock.go:38.8,40.3 1 0
github.com/Moreira-Henrique-Pedro/entregador/internal/domain/ports/mocks/mongo-db.port.mock.go:42.2,42.11 1 0
github.com/Moreira-Henrique-Pedro/entregador/internal/domain/ports/mocks/mongo-db.port.mock.go:46.119,50.81 3 0
github.com/Moreira-Henrique-Pedro/entregador/internal/domain/ports/mocks/mongo-db.port.mock.go:50.81,52.3 1 0
github.com/Moreira-Henrique-Pedro/entregador/internal/domain/ports/mocks/mongo-db.port.mock.go:52.8,53.24 1 0
github.com/Moreira-Henrique-Pedro/entregador/internal/domain/ports/mocks/mongo-db.port.mock.go:53.24,55.4 1 0
github.com/Moreira-Henrique-Pedro/entregador/internal/domain/ports/mocks/mongo-db.port.mock.go:58.2,59.68 2 0
github.com/Moreira-Henrique-Pedro/entregador/internal/domain/ports/mocks/mongo-db.port.mock.go:59.68,61.3 1 0
github.com/Moreira-Henrique-Pedro/entregador/internal/domain/ports/mocks/mongo-db.port.mock.go:61.8,63.3 1 0
github.com/Moreira-Henrique-Pedro/entregador/internal/domain/ports/mocks/mongo-db.port.mock.go:65.2,65.15 1 0
github.com/Moreira-Henrique-Pedro/entregador/internal/domain/ports/mocks/mongo-db.port.mock.go:69.98,73.80 3 0
github.com/Moreira-Henrique-Pedro/entregador/internal/domain/ports/mocks/mongo-db.port.mock.go:73.80,75.3 1 0
github.com/Moreira-Henrique-Pedro/entregador/internal/domain/ports/mocks/mongo-db.port.mock.go:75.8,77.3 1 0
github.com/Moreira-Henrique-Pedro/entregador/internal/domain/ports/mocks/mongo-db.port.mock.go:79.2,79.11 1 0
github.com/Moreira-Henrique-Pedro/entregador/internal/domain/ports/mocks/mongo-db.port.mock.go:88.108,92.19 3 0
github.com/Moreira-Henrique-Pedro/entregador/internal/domain/ports/mocks/mongo-db.port.mock.go:92.19,92.49 1 0
github.com/Moreira-Henrique-Pedro/entregador/internal/domain/ports/mocks/mongo-db.port.mock.go:94.2,94.13 1 0
github.com/Moreira-Henrique-Pedro/entregador/internal/domain/ports/mocks/postgres.port.mock.go:18.128,22.93 3 0
github.com/Moreira-Henrique-Pedro/entregador/internal/domain/ports/mocks/postgres.port.mock.go:22.93,24.3 1 0
github.com/Moreira-Henrique-Pedro/entregador/internal/domain/ports/mocks/postgres.port.mock.go:24.8,25.24 1 0
github.com/Moreira-Henrique-Pedro/entregador/internal/domain/ports/mocks/postgres.port.mock.go:25.24,27.4 1 0
github.com/Moreira-Henrique-Pedro/entregador/internal/domain/ports/mocks/postgres.port.mock.go:30.2,31.80 2 0
github.com/Moreira-Henrique-Pedro/entregador/internal/domain/ports/mocks/postgres.port.mock.go:31.80,33.3 1 0
github.com/Moreira-Henrique-Pedro/entregador/internal/domain/ports/mocks/postgres.port.mock.go:33.8,35.3 1 0
github.com/Moreira-Henrique-Pedro/entregador/internal/domain/ports/mocks/postgres.port.mock.go:37.2,37.15 1 0
github.com/Moreira-Henrique-Pedro/entregador/internal/domain/ports/mocks/postgres.port.mock.go:41.92,45.68 3 0
github.com/Moreira-Henrique-Pedro/entregador/internal/domain/ports/mocks/postgres.port.mock.go:45.68,47.3 1 0
github.com/Moreira-Henrique-Pedro/entregador/internal/domain/ports/mocks/postgres.port.mock.go:47.8,49.3 1 0
github.com/Moreira-Henrique-Pedro/entregador/internal/domain/ports/mocks/postgres.port.mock.go:51.2,51.11 1 0
github.com/Moreira-Henrique-Pedro/entregador/internal/domain/ports/mocks/postgres.port.mock.go:55.111,59.81 3 0
github.com/Moreira-Henrique-Pedro/entregador/internal/domain/ports/mocks/postgres.port.mock.go:59.81,61.3 1 0
github.com/Moreira-Henrique-Pedro/entregador/internal/domain/ports/mocks/postgres.port.mock.go:61.8,62.24 1 0
github.com/Moreira-Henrique-Pedro/entregador/internal/domain/ports/mocks/postgres.port.mock.go:62.24,64.4 1 0
github.com/Moreira-Henrique-Pedro/entregador/internal/domain/ports/mocks/postgres.port.mock.go:67.2,68.68 2 0
github.com/Moreira-Henrique-Pedro/entregador/internal/domain/ports/mocks/postgres.port.mock.go:68.68,70.3 1 0
github.com/Moreira-Henrique-Pedro/entregador/internal/domain/ports/mocks/postgres.port.mock.go:70.8,72.3 1 0
github.com/Moreira-Henrique-Pedro/entregador/internal/domain/ports/mocks/postgres.port.mock.go:74.2,74.15 1 0
github.com/Moreira-Henrique-Pedro/entregador/internal/domain/ports/mocks/postgres.port.mock.go:78.106,82.80 3 0
github.com/Moreira-Henrique-Pedro/entregador/internal/domain/ports/mocks/postgres.port.mock.go:82.80,84.3 1 0
github.com/Moreira-Henrique-Pedro/entregador/internal/domain/ports/mocks/postgres.port.mock.go:84.8,86.3 1 0
github.com/Moreira-Henrique-Pedro/entregador/internal/domain/ports/mocks/postgres.port.mock.go:88.2,88.11 1 0
github.com/Moreira-Henrique-Pedro/entregador/internal/domain/ports/mocks/postgres.port.mock.go:97.108,101.19 3 0
github.com/Moreira-Henrique-Pedro/entregador/internal/domain/ports/mocks/postgres.port.mock.go:101.19,101.49 1 0
github.com/Moreira-Henrique-Pedro/entregador/internal/domain/ports/mocks/postgres.port.mock.go:103.2,103.13 1 0
github.com/Moreira-Henrique-Pedro/entregador/internal/domain/ports/mocks/twilio-client.port.mock.go:17.87,21.68 3 0
github.com/Moreira-Henrique-Pedro/entregador/internal/domain/ports/mocks/twilio-client.port.mock.go:21.68,23.3 1 0
github.com/Moreira-Henrique-Pedro/entregador/internal/domain/ports/mocks/twilio-client.port.mock.go:23.8,25.3 1 0
github.com/Moreira-Henrique-Pedro/entregador/internal/domain/ports/mocks/twilio-client.port.mock.go:27.2,27.11 1 0
github.com/Moreira-Henrique-Pedro/entregador/internal/domain/ports/mocks/twilio-client.port.mock.go:36.90,40.19 3 0
github.com/Moreira-Henrique-Pedro/entregador/internal/domain/ports/mocks/twilio-client.port.mock.go:40.19,40.49 1 0
github.com/Moreira-Henrique-Pedro/entregador/internal/domain/ports/mocks/twilio-client.port.mock.go:42.2,42.13 1 0
github.com/Moreira-Henrique-Pedro/entregador/internal/domain/ports/mocks/twilio.port.mock.go:17.81,21.68 3 0
github.com/Moreira-Henrique-Pedro/entregador/internal/domain/ports/mocks/twilio.port.mock.go:21.68,23.3 1 0
github.com/Moreira-Henrique-Pedro/entregador/internal/domain/ports/mocks/twilio.port.mock.go:23.8,25.3 1 0
github.com/Moreira-Henrique-Pedro/entregador/internal/domain/ports/mocks/twilio.port.mock.go:27.2,27.11 1 0
github.com/Moreira-Henrique-Pedro/entregador/internal/domain/ports/mocks/twilio.port.mock.go:36.72,40.19 3 0
github.com/Moreira-Henrique-Pedro/entregador/internal/domain/ports/mocks/twilio.port.mock.go:40.19,40.49 1 0
github.com/Moreira-Henrique-Pedro/entregador/internal/domain/ports/mocks/twilio.port.mock.go:42.2,42.13 1 0
github.com/Moreira-Henrique-Pedro/entregador/internal/adapters/twilio/client/client-twilio.go:20.37,27.2 2 0
github.com/Moreira-Henrique-Pedro/entregador/internal/adapters/twilio/client/client-twilio.go:29.82,39.16 7 0
github.com/Moreira-Henrique-Pedro/entregador/internal/adapters/twilio/client/client-twilio.go:39.16,42.3 2 0
github.com/Moreira-Henrique-Pedro/entregador/internal/adapters/twilio/client/client-twilio.go:44.2,45.12 2 0
github.com/Moreira-Henrique-Pedro/entregador/internal/adapters/twilio/twilio-adapter.go:15.69,19.2 1 1
github.com/Moreira-Henrique-Pedro/entregador/internal/adapters/twilio/twilio-adapter.go:21.83,26.16 4 1
github.com/Moreira-Henrique-Pedro/entregador/internal/adapters/twilio/twilio-adapter.go:26.16,29.3 2 1
github.com/Moreira-Henrique-Pedro/entregador/internal/adapters/twilio/twilio-adapter.go:31.2,31.12 1 1
github.com/Moreira-Henrique-Pedro/entregador/internal/adapters/twilio/client/client-twilio.go:20.37,27.2 2 0
github.com/Moreira-Henrique-Pedro/entregador/internal/adapters/twilio/client/client-twilio.go:29.82,39.16 7 0
github.com/Moreira-Henrique-Pedro/entregador/internal/adapters/twilio/client/client-twilio.go:39.16,42.3 2 0
github.com/Moreira-Henrique-Pedro/entregador/internal/adapters/twilio/client/client-twilio.go:44.2,45.12 2 0
github.com/Moreira-Henrique-Pedro/entregador/internal/domain/ports/mocks/mongo-db.port.mock.go:18.98,22.80 3 0
github.com/Moreira-Henrique-Pedro/entregador/internal/domain/ports/mocks/mongo-db.port.mock.go:22.80,24.3 1 0
github.com/Moreira-Henrique-Pedro/entregador/internal/domain/ports/mocks/mongo-db.port.mock.go:24.8,26.3 1 0
github.com/Moreira-Henrique-Pedro/entregador/internal/domain/ports/mocks/mongo-db.port.mock.go:28.2,28.11 1 0
github.com/Moreira-Henrique-Pedro/entregador/internal/domain/ports/mocks/mongo-db.port.mock.go:32.89,36.68 3 0
github.com/Moreira-Henrique-Pedro/entregador/internal/domain/ports/mocks/mongo-db.port.mock.go:36.68,38.3 1 0
github.com/Moreira-Henrique-Pedro/entregador/internal/domain/ports/mocks/mongo-db.port.mock.go:38.8,40.3 1 0
github.com/Moreira-Henrique-Pedro/entregador/internal/domain/ports/mocks/mongo-db.port.mock.go:42.2,42.11 1 0
github.com/Moreira-Henrique-Pedro/entregador/internal/domain/ports/mocks/mongo-db.port.mock.go:46.119,50.81 3 0
github.com/Moreira-Henrique-Pedro/entregador/internal/domain/ports/mocks/mongo-db.port.mock.go:50.81,52.3 1 0
github.com/Moreira-Henrique-Pedro/entregador/internal/domain/ports/mocks/mongo-db.port.mock.go:52.8,53.24 1 0
github.com/Moreira-Henrique-Pedro/entregador/internal/domain/ports/mocks/mongo-db.port.mock.go:53.24,55.4 1 0
github.com/Moreira-Henrique-Pedro/entregador/internal/domain/ports/mocks/mongo-db.port.mock.go:58.2,59.68 2 0
github.com/Moreira-Henrique-Pedro/entregador/internal/domain/ports/mocks/mongo-db.port.mock.go:59.68,61.3 1 0
github.com/Moreira-Henrique-Pedro/entregador/internal/domain/ports/mocks/mongo-db.port.mock.go:61.8,63.3 1 0
github.com/Moreira-Henrique-Pedro/entregador/internal/domain/ports/mocks/mongo-db.port.mock.go:65.2,65.15 1 0
github.com/Moreira-Henrique-Pedro/entregador/internal/domain/ports/mocks/mongo-db.port.mock.go:69.98,73.80 3 0
github.com/Moreira-Henrique-Pedro/entregador/internal/domain/ports/mocks/mongo-db.port.mock.go:73.80,75.3 1 0
github.com/Moreira-Henrique-Pedro/entregador/internal/domain/ports/mocks/mongo-db.port.mock.go:75.8,77.3 1 0
github.com/Moreira-Henrique-Pedro/entregador/internal/domain/ports/mocks/mongo-db.port.mock.go:79.2,79.11 1 0
github.com/Moreira-Henrique-Pedro/entregador/internal/domain/ports/mocks/mongo-db.port.mock.go:88.108,92.19 3 0
github.com/Moreira-Henrique-Pedro/entregador/internal/domain/ports/mocks/mongo-db.port.mock.go:92.19,92.49 1 0
github.com/Moreira-Henrique-Pedro/entregador/internal/domain/ports/mocks/mongo-db.port.mock.go:94.2,94.13 1 0
github.com/Moreira-Henrique-Pedro/entregador/internal/domain/ports/mocks/postgres.port.mock.go:18.128,22.93 3 0
github.com/Moreira-Henrique-Pedro/entregador/internal/domain/ports/mocks/postgres.port.mock.go:22.93,24.3 1 0
github.com/Moreira-Henrique-Pedro/entregador/internal/domain/ports/mocks/postgres.port.mock.go:24.8,25.24 1 0
github.com/Moreira-Henrique-Pedro/entregador/internal/domain/ports/mocks/postgres.port.mock.go:25.24,27.4 1 0
github.com/Moreira-Henrique-Pedro/entregador/internal/domain/ports/mocks/postgres.port.mock.go:30.2,31.80 2 0
github.com/Moreira-Henrique-Pedro/entregador/internal/domain/ports/mocks/postgres.port.mock.go:31.80,33.3 1 0
github.com/Moreira-Henrique-Pedro/entregador/internal/domain/ports/mocks/postgres.port.mock.go:33.8,35.3 1 0
github.com/Moreira-Henrique-Pedro/entregador/internal/domain/ports/mocks/postgres.port.mock.go:37.2,37.15 1 0
github.com/Moreira-Henrique-Pedro/entregador/internal/domain/ports/mocks/postgres.port.mock.go:41.92,45.68 3 0
github.com/Moreira-Henrique-Pedro/entregador/internal/domain/ports/mocks/postgres.port.mock.go:45.68,47.3 1 0
github.com/Moreira-Henrique-Pedro/entregador/internal/domain/ports/mocks/postgres.port.mock.go:47.8,49.3 1 0
github.com/Moreira-Henrique-Pedro/entregador/internal/domain/ports/mocks/postgres.port.mock.go:51.2,51.11 1 0
github.com/Moreira-Henrique-Pedro/entregador/internal/domain/ports/mocks/postgres.port.mock.go:55.111,59.81 3 0
github.com/Moreira-Henrique-Pedro/entregador/internal/domain/ports/mocks/postgres.port.mock.go:59.81,61.3 1 0
github.com/Moreira-Henrique-Pedro/entregador/internal/domain/ports/mocks/postgres.port.mock.go:61.8,62.24 1 0
github.com/Moreira-Henrique-Pedro/entregador/internal/domain/ports/mocks/postgres.port.mock.go:62.24,64.4 1 0
github.com/Moreira-Henrique-Pedro/entregador/internal/domain/ports/mocks/postgres.port.mock.go:67.2,68.68 2 0
github.com/Moreira-Henrique-Pedro/entregador/internal/domain/ports/mocks/postgres.port.mock.go:68.68,70.3 1 0
github.com/Moreira-Henrique-Pedro/entregador/internal/domain/ports/mocks/postgres.port.mock.go:70.8,72.3 1 0
github.com/Moreira-Henrique-Pedro/entregador/internal/domain/ports/mocks/postgres.port.mock.go:74.2,74.15 1 0
github.com/Moreira-Henrique-Pedro/entregador/internal/domain/ports/mocks/postgres.port.mock.go:78.106,82.80 3 0
github.com/Moreira-Henrique-Pedro/entregador/internal/domain/ports/mocks/postgres.port.mock.go:82.80,84.3 1 0
github.com/Moreira-Henrique-Pedro/entregador/internal/domain/ports/mocks/postgres.port.mock.go:84.8,86.3 1 0
github.com/Moreira-Henrique-Pedro/entregador/internal/domain/ports/mocks/postgres.port.mock.go:88.2,88.11 1 0
github.com/Moreira-Henrique-Pedro/entregador/internal/domain/ports/mocks/postgres.port.mock.go:97.108,101.19 3 0
github.com/Moreira-Henrique-Pedro/entregador/internal/domain/ports/mocks/postgres.port.mock.go:101.19,101.49 1 0
github.com/Moreira-Henrique-Pedro/entregador/internal/domain/ports/mocks/postgres.port.mock.go:103.2,103.13 1 0
github.com/Moreira-Henrique-Pedro/entregador/internal/domain/ports/mocks/twilio-client.port.mock.go:17.87,21.68 3 1
github.com/Moreira-Henrique-Pedro/entregador/internal/domain/ports/mocks/twilio-client.port.mock.go:21.68,23.3 1 0
github.com/Moreira-Henrique-Pedro/entregador/internal/domain/ports/mocks/twilio-client.port.mock.go:23.8,25.3 1 1
github.com/Moreira-Henrique-Pedro/entregador/internal/domain/ports/mocks/twilio-client.port.mock.go:27.2,27.11 1 1
github.com/Moreira-Henrique-Pedro/entregador/internal/domain/ports/mocks/twilio-client.port.mock.go:36.90,40.19 3 0
github.com/Moreira-Henrique-Pedro/entregador/internal/domain/ports/mocks/twilio-client.port.mock.go:40.19,40.49 1 0
github.com/Moreira-Henrique-Pedro/entregador/internal/domain/ports/mocks/twilio-client.port.mock.go:42.2,42.13 1 0
github.com/Moreira-Henrique-Pedro/entregador/internal/domain/ports/mocks/twilio.port.mock.go:17.81,21.68 3 0
github.com/Moreira-Henrique-Pedro/entregador/internal/domain/ports/mocks/twilio.port.mock.go:21.68,23.3 1 0
github.com/Moreira-Henrique-Pedro/entregador/internal/domain/ports/mocks/twilio.port.mock.go:23.8,25.3 1 0
github.com/Moreira-Henrique-Pedro/entregador/internal/domain/ports/mocks/twilio.port.mock.go:27.2,27.11 1 0
github.com/Moreira-Henrique-Pedro/entregador/internal/domain/ports/mocks/twilio.port.mock.go:36.72,40.19 3 0
github.com/Moreira-Henrique-Pedro/entregador/internal/domain/ports/mocks/twilio.port.mock.go:40.19,40.49 1 0
github.com/Moreira-Henrique-Pedro/entregador/internal/domain/ports/mocks/twilio.port.mock.go:42.2,42.13 1 0
github.com/Moreira-Henrique-Pedro/entregador/internal/adapters/postgres/client.go:18.35,25.16 5 0
github.com/Moreira-Henrique-Pedro/entregador/internal/adapters/postgres/client.go:25.16,28.3 2 0
github.com/Moreira-Henrique-Pedro/entregador/internal/adapters/postgres/client.go:30.2,32.66 2 0
github.com/Moreira-Henrique-Pedro/entregador/internal/adapters/postgres/client.go:32.66,35.3 2 0
github.com/Moreira-Henrique-Pedro/entregador/internal/adapters/postgres/client.go:37.2,39.29 2 0
github.com/Moreira-Henrique-Pedro/entregador/internal/adapters/postgres/client.go:42.24,53.2 1 0
github.com/Moreira-Henrique-Pedro/entregador/internal/adapters/postgres/delivery-repository-adapter.go:20.81,24.2 1 1
github.com/Moreira-Henrique-Pedro/entregador/internal/adapters/postgres/delivery-repository-adapter.go:26.132,28.33 2 1
github.com/Moreira-Henrique-Pedro/entregador/internal/adapters/postgres/delivery-repository-adapter.go:28.33,30.3 1 0
github.com/Moreira-Henrique-Pedro/entregador/internal/adapters/postgres/delivery-repository-adapter.go:31.2,31.33 1 1
github.com/Moreira-Henrique-Pedro/entregador/internal/adapters/postgres/delivery-repository-adapter.go:31.33,33.3 1 0
github.com/Moreira-Henrique-Pedro/entregador/internal/adapters/postgres/delivery-repository-adapter.go:34.2,35.16 2 1
github.com/Moreira-Henrique-Pedro/entregador/internal/adapters/postgres/delivery-repository-adapter.go:35.16,38.3 2 1
github.com/Moreira-Henrique-Pedro/entregador/internal/adapters/postgres/delivery-repository-adapter.go:39.2,39.22 1 1
github.com/Moreira-Henrique-Pedro/entregador/internal/adapters/postgres/delivery-repository-adapter.go:43.96,46.25 3 1
github.com/Moreira-Henrique-Pedro/entregador/internal/adapters/postgres/delivery-repository-adapter.go:46.25,49.3 2 1
github.com/Moreira-Henrique-Pedro/entregador/internal/adapters/postgres/delivery-repository-adapter.go:50.2,50.30 1 1
github.com/Moreira-Henrique-Pedro/entregador/internal/adapters/postgres/delivery-repository-adapter.go:50.30,55.3 3 1
github.com/Moreira-Henrique-Pedro/entregador/internal/adapters/postgres/delivery-repository-adapter.go:56.2,56.12 1 1
github.com/Moreira-Henrique-Pedro/entregador/internal/adapters/postgres/delivery-repository-adapter.go:60.115,64.16 4 1
github.com/Moreira-Henrique-Pedro/entregador/internal/adapters/postgres/delivery-repository-adapter.go:64.16,65.45 1 1
github.com/Moreira-Henrique-Pedro/entregador/internal/adapters/postgres/delivery-repository-adapter.go:65.45,68.4 2 1
github.com/Moreira-Henrique-Pedro/entregador/internal/adapters/postgres/delivery-repository-adapter.go:69.3,70.18 2 1
github.com/Moreira-Henrique-Pedro/entregador/internal/adapters/postgres/delivery-repository-adapter.go:72.2,72.23 1 1
github.com/Moreira-Henrique-Pedro/entregador/internal/adapters/postgres/delivery-repository-adapter.go:75.110,79.25 3 1
github.com/Moreira-Henrique-Pedro/entregador/internal/adapters/postgres/delivery-repository-adapter.go:79.25,82.3 2 1
github.com/Moreira-Henrique-Pedro/entregador/internal/adapters/postgres/delivery-repository-adapter.go:85.2,85.30 1 1
github.com/Moreira-Henrique-Pedro/entregador/internal/adapters/postgres/delivery-repository-adapter.go:85.30,88.3 2 0
github.com/Moreira-Henrique-Pedro/entregador/internal/adapters/postgres/delivery-repository-adapter.go:90.2,90.12 1 1
